\BOOKMARK [0][-]{chapter*.1}{Índice de Tablas}{}% 1
\BOOKMARK [0][-]{chapter*.3}{Agradecimientos}{}% 2
\BOOKMARK [0][-]{chapter.1}{Introducci\363n}{}% 3
\BOOKMARK [1][-]{section.1.1}{Antecedentes}{chapter.1}% 4
\BOOKMARK [1][-]{section.1.2}{Planteamiento del problema}{chapter.1}% 5
\BOOKMARK [1][-]{section.1.3}{Justificaci\363n}{chapter.1}% 6
\BOOKMARK [1][-]{section.1.4}{Objetivos}{chapter.1}% 7
\BOOKMARK [2][-]{subsection.1.4.1}{Objetivo general}{section.1.4}% 8
\BOOKMARK [2][-]{subsection.1.4.2}{Objetivos espec\355ficos}{section.1.4}% 9
\BOOKMARK [1][-]{section.1.5}{Metodolog\355a}{chapter.1}% 10
\BOOKMARK [1][-]{section.1.6}{Estructura del documento}{chapter.1}% 11
\BOOKMARK [0][-]{chapter.2}{Marco te\363rico}{}% 12
\BOOKMARK [1][-]{section.2.1}{Optimizaci\363n y asignaci\363n de recursos}{chapter.2}% 13
\BOOKMARK [1][-]{section.2.2}{L\363gica Difusa}{chapter.2}% 14
\BOOKMARK [2][-]{subsection.2.2.1}{Conjuntos cl\341sicos}{section.2.2}% 15
\BOOKMARK [2][-]{subsection.2.2.2}{Conjuntos difusos}{section.2.2}% 16
\BOOKMARK [2][-]{subsection.2.2.3}{Operaciones sobre conjuntos difusos}{section.2.2}% 17
\BOOKMARK [2][-]{subsection.2.2.4}{Sistemas de inferencia difusa}{section.2.2}% 18
\BOOKMARK [0][-]{chapter.3}{Facultad de Ingenier\355a de la ULA}{}% 19
\BOOKMARK [1][-]{section.3.1}{Planta profesoral}{chapter.3}% 20
\BOOKMARK [1][-]{section.3.2}{Actividades en la Facultad de Ingenier\355a de la Universidad de Los Andes}{chapter.3}% 21
\BOOKMARK [2][-]{subsection.3.2.1}{Actividades de Docencia}{section.3.2}% 22
\BOOKMARK [2][-]{subsection.3.2.2}{Actividades de Investigaci\363n}{section.3.2}% 23
\BOOKMARK [2][-]{subsection.3.2.3}{Actividades Administrativas}{section.3.2}% 24
\BOOKMARK [2][-]{subsection.3.2.4}{Actividades de Extensi\363n}{section.3.2}% 25
\BOOKMARK [2][-]{subsection.3.2.5}{Actividades de Mejoramiento}{section.3.2}% 26
\BOOKMARK [1][-]{section.3.3}{Evaluaci\363n de las actividades docentes}{chapter.3}% 27
\BOOKMARK [1][-]{section.3.4}{Din\341mica de asignaci\363n de nuevos cargos docentes}{chapter.3}% 28
\BOOKMARK [0][-]{chapter.4}{Modelo de asignaci\363n de cargos}{}% 29
\BOOKMARK [1][-]{section.4.1}{Criterios y variables}{chapter.4}% 30
\BOOKMARK [2][-]{subsection.4.1.1}{Estudio preliminar de criterios y variables}{section.4.1}% 31
\BOOKMARK [2][-]{subsection.4.1.2}{Pruebas preliminares}{section.4.1}% 32
\BOOKMARK [1][-]{section.4.2}{Construcci\363n del modelo}{chapter.4}% 33
\BOOKMARK [2][-]{subsection.4.2.1}{Definici\363n del sistema de inferencia}{section.4.2}% 34
\BOOKMARK [2][-]{subsection.4.2.2}{Estructura del sistema difuso}{section.4.2}% 35
\BOOKMARK [0][-]{chapter.5}{Aplicaci\363n del modelo}{}% 36
\BOOKMARK [1][-]{section.5.1}{Implementaci\363n en R}{chapter.5}% 37
\BOOKMARK [1][-]{section.5.2}{Implementaci\363n en Matlab\256}{chapter.5}% 38
\BOOKMARK [1][-]{section.5.3}{Ejecuci\363n del proceso. Resultados}{chapter.5}% 39
\BOOKMARK [0][-]{chapter.6}{Conclusiones}{}% 40
\BOOKMARK [0][-]{chapter.6}{Bibliograf\355a}{}% 41
\BOOKMARK [0][-]{appendix.A}{Revisi\363n de informes y res\372menes de actividades}{}% 42
\BOOKMARK [1][-]{section.A.1}{Informes individuales de Actividades Cumplidas}{appendix.A}% 43
\BOOKMARK [2][-]{subsection.A.1.1}{Formato de Sistemas de Control}{section.A.1}% 44
\BOOKMARK [2][-]{subsection.A.1.2}{Formato de Computaci\363n}{section.A.1}% 45
\BOOKMARK [2][-]{subsection.A.1.3}{Formato de Investigaci\363n de Operaciones}{section.A.1}% 46
\BOOKMARK [1][-]{section.A.2}{Res\372menes de Actividades Cumplidas}{appendix.A}% 47
\BOOKMARK [2][-]{subsection.A.2.1}{Totales de Sistemas de Control}{section.A.2}% 48
\BOOKMARK [2][-]{subsection.A.2.2}{Totales de Investigaci\363n de Operaciones}{section.A.2}% 49
\BOOKMARK [2][-]{subsection.A.2.3}{Totales de Computaci\363n}{section.A.2}% 50
\BOOKMARK [1][-]{section.A.3}{Resultados de la revisi\363n en res\372menes e informes individuales}{appendix.A}% 51
\BOOKMARK [2][-]{subsection.A.3.1}{Revisi\363n de res\372menes e informes de Investigaci\363n de Operaciones}{section.A.3}% 52
\BOOKMARK [2][-]{subsection.A.3.2}{Revisi\363n de res\372menes e informes de Sistemas de Control}{section.A.3}% 53
\BOOKMARK [2][-]{subsection.A.3.3}{Revisi\363n de res\372menes e informes de Computaci\363n}{section.A.3}% 54
\BOOKMARK [1][-]{section.A.4}{Nuevos formatos propuestos para los res\372menes e informes}{appendix.A}% 55
\BOOKMARK [2][-]{subsection.A.4.1}{Formato de Informe de Actividades Cumplidas}{section.A.4}% 56
\BOOKMARK [0][-]{appendix.B}{Tablas complementarias de valoraci\363n de actividades}{}% 57
\BOOKMARK [0][-]{appendix.C}{Tablas de incidencias del an\341lisis de informes de actividades}{}% 58
\BOOKMARK [0][-]{appendix.D}{Reglas del sistema de inferencia difuso}{}% 59
